<?xml version="1.0" encoding="UTF-8"?>
<!-- Generated by org.testng.reporters.JUnitXMLReporter -->
<testsuite ignored="0" hostname="Baek" failures="0" tests="7" name="Default test" time="157.74" errors="0" timestamp="2023-08-16T19:14:26 KST">
  <testcase classname="tranggle_web.Personal_Information_Processing_Policy" name="Personal_Information_Processing_Policy_Test" time="11.468"/>
  <testcase classname="tranggle_web.Account_Information_Save_Check" name="Account_Information_Save_Check_Test" time="35.492"/>
  <testcase classname="tranggle_web.Id_Search_1" name="ID_Search_Move_Test" time="7.432"/>
  <testcase classname="tranggle_web.Terms_And_Conditions_Of_Service" name="Service_Detail_Test" time="9.718"/>
  <testcase classname="tranggle_web.Logout" name="Logout_Test" time="17.065"/>
  <testcase classname="tranggle_web.Pw_Resetting_1" name="PW_Resetting_Move_Test" time="7.431"/>
  <testcase classname="tranggle_web.Normal_Login" name="Login_Test" time="13.196"/>
</testsuite> <!-- Default test -->
